[ 2016-03-23T11:56:53+08:00 ] 127.0.0.1 /%20Pinyin/app/index.php
INFO: [ app_init ] --START--
INFO: Run Behavior\BuildLiteBehavior [ RunTime:0.000000s ]
INFO: [ app_init ] --END-- [ RunTime:0.001000s ]
INFO: [ app_begin ] --START--
INFO: Run Behavior\ReadHtmlCacheBehavior [ RunTime:0.000000s ]
INFO: [ app_begin ] --END-- [ RunTime:0.000000s ]
SQL: SHOW COLUMNS FROM `pinyin` [ RunTime:0.0040s ]
SQL: SELECT * FROM `pinyin`  [ RunTime:0.0000s ]
INFO: [ view_parse ] --START--
INFO: [ template_filter ] --START--
INFO: Run Behavior\ContentReplaceBehavior [ RunTime:0.000000s ]
INFO: [ template_filter ] --END-- [ RunTime:0.000000s ]
NOTIC: [8] Array to string conversion C:\Users\hp\ Pinyin\app\Home\Runtime\Cache\Home\76fa5d91061b37f679ea44f50ab94989.php 第 25 行.
INFO: Run Behavior\ParseTemplateBehavior [ RunTime:0.005000s ]
INFO: [ view_parse ] --END-- [ RunTime:0.005000s ]
INFO: [ view_filter ] --START--
INFO: Run Behavior\WriteHtmlCacheBehavior [ RunTime:0.001000s ]
INFO: [ view_filter ] --END-- [ RunTime:0.001000s ]
INFO: [ app_end ] --START--
INFO: Run Behavior\ShowPageTraceBehavior [ RunTime:0.001000s ]
INFO: [ app_end ] --END-- [ RunTime:0.001000s ]

[ 2016-03-23T11:59:13+08:00 ] 127.0.0.1 /%20Pinyin/app/index.php
INFO: [ app_init ] --START--
INFO: Run Behavior\BuildLiteBehavior [ RunTime:0.000000s ]
INFO: [ app_init ] --END-- [ RunTime:0.000000s ]
INFO: [ app_begin ] --START--
INFO: Run Behavior\ReadHtmlCacheBehavior [ RunTime:0.001000s ]
INFO: [ app_begin ] --END-- [ RunTime:0.001000s ]
SQL: SHOW COLUMNS FROM `pinyin` [ RunTime:0.0040s ]
SQL: SELECT * FROM `pinyin`  [ RunTime:0.0000s ]
INFO: [ view_parse ] --START--
INFO: [ template_filter ] --START--
INFO: Run Behavior\ContentReplaceBehavior [ RunTime:0.000000s ]
INFO: [ template_filter ] --END-- [ RunTime:0.000000s ]

[ 2016-03-23T12:03:33+08:00 ] 127.0.0.1 /%20Pinyin/app/index.php
INFO: [ app_init ] --START--
INFO: Run Behavior\BuildLiteBehavior [ RunTime:0.000000s ]
INFO: [ app_init ] --END-- [ RunTime:0.001000s ]
INFO: [ app_begin ] --START--
INFO: Run Behavior\ReadHtmlCacheBehavior [ RunTime:0.000000s ]
INFO: [ app_begin ] --END-- [ RunTime:0.000000s ]
SQL: SHOW COLUMNS FROM `pinyin` [ RunTime:0.0050s ]
SQL: SELECT * FROM `pinyin`  [ RunTime:0.0010s ]
INFO: [ view_parse ] --START--
INFO: [ template_filter ] --START--
INFO: Run Behavior\ContentReplaceBehavior [ RunTime:0.000000s ]
INFO: [ template_filter ] --END-- [ RunTime:0.000000s ]
NOTIC: [8] Undefined variable: f C:\Users\hp\ Pinyin\app\Home\Runtime\Cache\Home\76fa5d91061b37f679ea44f50ab94989.php 第 24 行.
NOTIC: [8] Undefined variable: f C:\Users\hp\ Pinyin\app\Home\Runtime\Cache\Home\76fa5d91061b37f679ea44f50ab94989.php 第 25 行.
NOTIC: [8] Undefined variable: f C:\Users\hp\ Pinyin\app\Home\Runtime\Cache\Home\76fa5d91061b37f679ea44f50ab94989.php 第 26 行.
NOTIC: [8] Undefined variable: f C:\Users\hp\ Pinyin\app\Home\Runtime\Cache\Home\76fa5d91061b37f679ea44f50ab94989.php 第 24 行.
NOTIC: [8] Undefined variable: f C:\Users\hp\ Pinyin\app\Home\Runtime\Cache\Home\76fa5d91061b37f679ea44f50ab94989.php 第 25 行.
NOTIC: [8] Undefined variable: f C:\Users\hp\ Pinyin\app\Home\Runtime\Cache\Home\76fa5d91061b37f679ea44f50ab94989.php 第 26 行.
INFO: Run Behavior\ParseTemplateBehavior [ RunTime:0.046003s ]
INFO: [ view_parse ] --END-- [ RunTime:0.046003s ]
INFO: [ view_filter ] --START--
INFO: Run Behavior\WriteHtmlCacheBehavior [ RunTime:0.000000s ]
INFO: [ view_filter ] --END-- [ RunTime:0.000000s ]
INFO: [ app_end ] --START--
INFO: Run Behavior\ShowPageTraceBehavior [ RunTime:0.001000s ]
INFO: [ app_end ] --END-- [ RunTime:0.001000s ]

[ 2016-03-23T12:04:21+08:00 ] 127.0.0.1 /%20Pinyin/app/index.php
INFO: [ app_init ] --START--
INFO: Run Behavior\BuildLiteBehavior [ RunTime:0.000000s ]
INFO: [ app_init ] --END-- [ RunTime:0.000000s ]
INFO: [ app_begin ] --START--
INFO: Run Behavior\ReadHtmlCacheBehavior [ RunTime:0.000000s ]
INFO: [ app_begin ] --END-- [ RunTime:0.000000s ]
SQL: SHOW COLUMNS FROM `pinyin` [ RunTime:0.0040s ]
SQL: SELECT * FROM `pinyin`  [ RunTime:0.0000s ]
INFO: [ view_parse ] --START--
INFO: [ template_filter ] --START--
INFO: Run Behavior\ContentReplaceBehavior [ RunTime:0.000000s ]
INFO: [ template_filter ] --END-- [ RunTime:0.000000s ]
NOTIC: [8] Undefined variable: f C:\Users\hp\ Pinyin\app\Home\Runtime\Cache\Home\76fa5d91061b37f679ea44f50ab94989.php 第 24 行.
NOTIC: [8] Undefined variable: f C:\Users\hp\ Pinyin\app\Home\Runtime\Cache\Home\76fa5d91061b37f679ea44f50ab94989.php 第 25 行.
NOTIC: [8] Undefined variable: f C:\Users\hp\ Pinyin\app\Home\Runtime\Cache\Home\76fa5d91061b37f679ea44f50ab94989.php 第 26 行.
NOTIC: [8] Undefined variable: f C:\Users\hp\ Pinyin\app\Home\Runtime\Cache\Home\76fa5d91061b37f679ea44f50ab94989.php 第 24 行.
NOTIC: [8] Undefined variable: f C:\Users\hp\ Pinyin\app\Home\Runtime\Cache\Home\76fa5d91061b37f679ea44f50ab94989.php 第 25 行.
NOTIC: [8] Undefined variable: f C:\Users\hp\ Pinyin\app\Home\Runtime\Cache\Home\76fa5d91061b37f679ea44f50ab94989.php 第 26 行.
INFO: Run Behavior\ParseTemplateBehavior [ RunTime:0.006001s ]
INFO: [ view_parse ] --END-- [ RunTime:0.006001s ]
INFO: [ view_filter ] --START--
INFO: Run Behavior\WriteHtmlCacheBehavior [ RunTime:0.000000s ]
INFO: [ view_filter ] --END-- [ RunTime:0.000000s ]
INFO: [ app_end ] --START--
INFO: Run Behavior\ShowPageTraceBehavior [ RunTime:0.001000s ]
INFO: [ app_end ] --END-- [ RunTime:0.001000s ]

[ 2016-03-23T12:05:20+08:00 ] 127.0.0.1 /%20Pinyin/app/index.php
INFO: [ app_init ] --START--
INFO: Run Behavior\BuildLiteBehavior [ RunTime:0.000000s ]
INFO: [ app_init ] --END-- [ RunTime:0.000000s ]
INFO: [ app_begin ] --START--
INFO: Run Behavior\ReadHtmlCacheBehavior [ RunTime:0.000000s ]
INFO: [ app_begin ] --END-- [ RunTime:0.000000s ]
SQL: SHOW COLUMNS FROM `pinyin` [ RunTime:0.0040s ]
SQL: SELECT * FROM `pinyin`  [ RunTime:0.0000s ]
INFO: [ view_parse ] --START--
INFO: [ template_filter ] --START--
INFO: Run Behavior\ContentReplaceBehavior [ RunTime:0.000000s ]
INFO: [ template_filter ] --END-- [ RunTime:0.000000s ]
NOTIC: [8] Undefined offset: 1 C:\Users\hp\ Pinyin\app\Home\Runtime\Cache\Home\76fa5d91061b37f679ea44f50ab94989.php 第 24 行.
NOTIC: [8] Undefined offset: 2 C:\Users\hp\ Pinyin\app\Home\Runtime\Cache\Home\76fa5d91061b37f679ea44f50ab94989.php 第 25 行.
NOTIC: [8] Undefined offset: 3 C:\Users\hp\ Pinyin\app\Home\Runtime\Cache\Home\76fa5d91061b37f679ea44f50ab94989.php 第 26 行.
NOTIC: [8] Undefined offset: 1 C:\Users\hp\ Pinyin\app\Home\Runtime\Cache\Home\76fa5d91061b37f679ea44f50ab94989.php 第 24 行.
NOTIC: [8] Undefined offset: 2 C:\Users\hp\ Pinyin\app\Home\Runtime\Cache\Home\76fa5d91061b37f679ea44f50ab94989.php 第 25 行.
NOTIC: [8] Undefined offset: 3 C:\Users\hp\ Pinyin\app\Home\Runtime\Cache\Home\76fa5d91061b37f679ea44f50ab94989.php 第 26 行.
INFO: Run Behavior\ParseTemplateBehavior [ RunTime:0.006000s ]
INFO: [ view_parse ] --END-- [ RunTime:0.006000s ]
INFO: [ view_filter ] --START--
INFO: Run Behavior\WriteHtmlCacheBehavior [ RunTime:0.000000s ]
INFO: [ view_filter ] --END-- [ RunTime:0.000000s ]
INFO: [ app_end ] --START--
INFO: Run Behavior\ShowPageTraceBehavior [ RunTime:0.001000s ]
INFO: [ app_end ] --END-- [ RunTime:0.001000s ]

[ 2016-03-23T12:09:32+08:00 ] 127.0.0.1 /%20Pinyin/app/index.php
INFO: [ app_init ] --START--
INFO: Run Behavior\BuildLiteBehavior [ RunTime:0.000000s ]
INFO: [ app_init ] --END-- [ RunTime:0.001001s ]
INFO: [ app_begin ] --START--
INFO: Run Behavior\ReadHtmlCacheBehavior [ RunTime:0.000000s ]
INFO: [ app_begin ] --END-- [ RunTime:0.000000s ]
SQL: SHOW COLUMNS FROM `pinyin` [ RunTime:0.0040s ]
SQL: SELECT * FROM `pinyin`  [ RunTime:0.0000s ]
INFO: [ view_parse ] --START--
INFO: [ template_filter ] --START--
INFO: Run Behavior\ContentReplaceBehavior [ RunTime:0.000000s ]
INFO: [ template_filter ] --END-- [ RunTime:0.001000s ]
NOTIC: [8] Use of undefined constant id - assumed 'id' C:\Users\hp\ Pinyin\app\Home\Runtime\Cache\Home\76fa5d91061b37f679ea44f50ab94989.php 第 24 行.
NOTIC: [8] Array to string conversion C:\Users\hp\ Pinyin\app\Home\Runtime\Cache\Home\76fa5d91061b37f679ea44f50ab94989.php 第 24 行.
INFO: Run Behavior\ParseTemplateBehavior [ RunTime:0.005000s ]
INFO: [ view_parse ] --END-- [ RunTime:0.005000s ]
INFO: [ view_filter ] --START--
INFO: Run Behavior\WriteHtmlCacheBehavior [ RunTime:0.001000s ]
INFO: [ view_filter ] --END-- [ RunTime:0.001000s ]
INFO: [ app_end ] --START--
INFO: Run Behavior\ShowPageTraceBehavior [ RunTime:0.000000s ]
INFO: [ app_end ] --END-- [ RunTime:0.000000s ]

[ 2016-03-23T12:11:33+08:00 ] 127.0.0.1 /%20Pinyin/app/index.php
INFO: [ app_init ] --START--
INFO: Run Behavior\BuildLiteBehavior [ RunTime:0.000000s ]
INFO: [ app_init ] --END-- [ RunTime:0.000000s ]
INFO: [ app_begin ] --START--
INFO: Run Behavior\ReadHtmlCacheBehavior [ RunTime:0.000000s ]
INFO: [ app_begin ] --END-- [ RunTime:0.000000s ]
SQL: SHOW COLUMNS FROM `pinyin` [ RunTime:0.0030s ]
SQL: SELECT * FROM `pinyin`  [ RunTime:0.0010s ]
INFO: [ view_parse ] --START--
INFO: [ template_filter ] --START--
INFO: Run Behavior\ContentReplaceBehavior [ RunTime:0.000000s ]
INFO: [ template_filter ] --END-- [ RunTime:0.000000s ]
INFO: Run Behavior\ParseTemplateBehavior [ RunTime:0.006001s ]
INFO: [ view_parse ] --END-- [ RunTime:0.006001s ]
INFO: [ view_filter ] --START--
INFO: Run Behavior\WriteHtmlCacheBehavior [ RunTime:0.000000s ]
INFO: [ view_filter ] --END-- [ RunTime:0.000000s ]
INFO: [ app_end ] --START--
INFO: Run Behavior\ShowPageTraceBehavior [ RunTime:0.001000s ]
INFO: [ app_end ] --END-- [ RunTime:0.001000s ]

[ 2016-03-23T12:13:03+08:00 ] 127.0.0.1 /%20Pinyin/app/index.php
INFO: [ app_init ] --START--
INFO: Run Behavior\BuildLiteBehavior [ RunTime:0.000000s ]
INFO: [ app_init ] --END-- [ RunTime:0.001000s ]
INFO: [ app_begin ] --START--
INFO: Run Behavior\ReadHtmlCacheBehavior [ RunTime:0.001000s ]
INFO: [ app_begin ] --END-- [ RunTime:0.001000s ]
SQL: SHOW COLUMNS FROM `pinyin` [ RunTime:0.0030s ]
SQL: SELECT * FROM `pinyin`  [ RunTime:0.0000s ]
NOTIC: [8] Array to string conversion C:\Users\hp\ Pinyin\app\Home\Home\Controller\IndexController.class.php 第 10 行.
INFO: [ app_end ] --START--
INFO: Run Behavior\ShowPageTraceBehavior [ RunTime:0.001000s ]
INFO: [ app_end ] --END-- [ RunTime:0.001000s ]

[ 2016-03-23T12:24:00+08:00 ] 127.0.0.1 /%20Pinyin/app/index.php
INFO: [ app_init ] --START--
INFO: Run Behavior\BuildLiteBehavior [ RunTime:0.000000s ]
INFO: [ app_init ] --END-- [ RunTime:0.002000s ]
INFO: [ app_begin ] --START--
INFO: Run Behavior\ReadHtmlCacheBehavior [ RunTime:0.001000s ]
INFO: [ app_begin ] --END-- [ RunTime:0.001000s ]
SQL: SHOW COLUMNS FROM `pinyin` [ RunTime:0.0050s ]
SQL: SELECT * FROM `pinyin`  [ RunTime:0.0000s ]
INFO: [ app_end ] --START--
INFO: Run Behavior\ShowPageTraceBehavior [ RunTime:0.001000s ]
INFO: [ app_end ] --END-- [ RunTime:0.001000s ]

[ 2016-03-23T12:27:15+08:00 ] 127.0.0.1 /%20Pinyin/app/index.php
INFO: [ app_init ] --START--
INFO: Run Behavior\BuildLiteBehavior [ RunTime:0.000000s ]
INFO: [ app_init ] --END-- [ RunTime:0.000000s ]
INFO: [ app_begin ] --START--
INFO: Run Behavior\ReadHtmlCacheBehavior [ RunTime:0.000000s ]
INFO: [ app_begin ] --END-- [ RunTime:0.000000s ]
SQL: SHOW COLUMNS FROM `pinyin` [ RunTime:0.0030s ]
SQL: SELECT * FROM `pinyin`  [ RunTime:0.0010s ]
INFO: [ app_end ] --START--
INFO: Run Behavior\ShowPageTraceBehavior [ RunTime:0.001000s ]
INFO: [ app_end ] --END-- [ RunTime:0.001000s ]

[ 2016-03-23T17:49:01+08:00 ] 127.0.0.1 /%20Pinyin/app/index.php
INFO: [ app_init ] --START--
INFO: Run Behavior\BuildLiteBehavior [ RunTime:0.000000s ]
INFO: [ app_init ] --END-- [ RunTime:0.041002s ]
INFO: [ app_begin ] --START--
INFO: Run Behavior\ReadHtmlCacheBehavior [ RunTime:0.006000s ]
INFO: [ app_begin ] --END-- [ RunTime:0.006000s ]
NOTIC: [8] Undefined index: ID C:\Users\hp\ Pinyin\app\Home\Home\Controller\IndexController.class.php 第 8 行.
SQL: SHOW COLUMNS FROM `pinyin` [ RunTime:0.0050s ]
ERR: 1064:You have an error in your SQL syntax; check the manual that corresponds to your MySQL server version for the right syntax to use near ')' at line 1
 [ SQL语句 ] : SELECT * FROM `pinyin` WHERE ( ID= ) 
ERR: 1064:You have an error in your SQL syntax; check the manual that corresponds to your MySQL server version for the right syntax to use near ')' at line 1
 [ SQL语句 ] : SELECT * FROM `pinyin` WHERE ( ID= ) 

[ 2016-03-23T17:55:52+08:00 ] 127.0.0.1 /%20Pinyin/app/index.php
INFO: [ app_init ] --START--
INFO: Run Behavior\BuildLiteBehavior [ RunTime:0.000000s ]
INFO: [ app_init ] --END-- [ RunTime:0.000000s ]
INFO: [ app_begin ] --START--
INFO: Run Behavior\ReadHtmlCacheBehavior [ RunTime:0.000000s ]
INFO: [ app_begin ] --END-- [ RunTime:0.000000s ]
NOTIC: [8] Undefined index: ID C:\Users\hp\ Pinyin\app\Home\Home\Controller\IndexController.class.php 第 8 行.
SQL: SHOW COLUMNS FROM `pinyin` [ RunTime:0.0040s ]
SQL: SELECT * FROM `pinyin`  [ RunTime:0.0000s ]
INFO: [ app_end ] --START--
INFO: Run Behavior\ShowPageTraceBehavior [ RunTime:0.062004s ]
INFO: [ app_end ] --END-- [ RunTime:0.062004s ]

[ 2016-03-23T17:57:47+08:00 ] 127.0.0.1 /%20Pinyin/app/index.php/?s=/Home/Index/index
INFO: [ app_init ] --START--
INFO: Run Behavior\BuildLiteBehavior [ RunTime:0.000000s ]
INFO: [ app_init ] --END-- [ RunTime:0.000000s ]
INFO: [ app_begin ] --START--
INFO: Run Behavior\ReadHtmlCacheBehavior [ RunTime:0.000000s ]
INFO: [ app_begin ] --END-- [ RunTime:0.000000s ]
NOTIC: [8] Undefined index: ID C:\Users\hp\ Pinyin\app\Home\Home\Controller\IndexController.class.php 第 8 行.
SQL: SHOW COLUMNS FROM `pinyin` [ RunTime:0.0050s ]
SQL: SELECT * FROM `pinyin`  [ RunTime:0.0000s ]
INFO: [ app_end ] --START--
INFO: Run Behavior\ShowPageTraceBehavior [ RunTime:0.001000s ]
INFO: [ app_end ] --END-- [ RunTime:0.001000s ]

[ 2016-03-23T17:58:11+08:00 ] 127.0.0.1 /%20Pinyin/app/index.php/?s=/Home/Index/index/id/1
INFO: [ app_init ] --START--
INFO: Run Behavior\BuildLiteBehavior [ RunTime:0.000000s ]
INFO: [ app_init ] --END-- [ RunTime:0.001000s ]
INFO: [ app_begin ] --START--
INFO: Run Behavior\ReadHtmlCacheBehavior [ RunTime:0.001000s ]
INFO: [ app_begin ] --END-- [ RunTime:0.001000s ]
NOTIC: [8] Undefined index: ID C:\Users\hp\ Pinyin\app\Home\Home\Controller\IndexController.class.php 第 8 行.
SQL: SHOW COLUMNS FROM `pinyin` [ RunTime:0.0040s ]
ERR: 1064:You have an error in your SQL syntax; check the manual that corresponds to your MySQL server version for the right syntax to use near ')' at line 1
 [ SQL语句 ] : SELECT * FROM `pinyin` WHERE ( ID= ) 
ERR: 1064:You have an error in your SQL syntax; check the manual that corresponds to your MySQL server version for the right syntax to use near ')' at line 1
 [ SQL语句 ] : SELECT * FROM `pinyin` WHERE ( ID= ) 

[ 2016-03-23T18:00:04+08:00 ] 127.0.0.1 /%20Pinyin/app/index.php/?s=/Home/Index/index/ID/1
INFO: [ app_init ] --START--
INFO: Run Behavior\BuildLiteBehavior [ RunTime:0.000000s ]
INFO: [ app_init ] --END-- [ RunTime:0.001000s ]
INFO: [ app_begin ] --START--
INFO: Run Behavior\ReadHtmlCacheBehavior [ RunTime:0.000000s ]
INFO: [ app_begin ] --END-- [ RunTime:0.000000s ]
SQL: SHOW COLUMNS FROM `pinyin` [ RunTime:0.0120s ]
SQL: SELECT * FROM `pinyin` WHERE ( ID=1 )  [ RunTime:0.0170s ]
INFO: [ app_end ] --START--
INFO: Run Behavior\ShowPageTraceBehavior [ RunTime:0.000000s ]
INFO: [ app_end ] --END-- [ RunTime:0.000000s ]

[ 2016-03-23T18:00:08+08:00 ] 127.0.0.1 /%20Pinyin/app/index.php/?s=/Home/Index/index/ID/1
INFO: [ app_init ] --START--
INFO: Run Behavior\BuildLiteBehavior [ RunTime:0.000000s ]
INFO: [ app_init ] --END-- [ RunTime:0.000000s ]
INFO: [ app_begin ] --START--
INFO: Run Behavior\ReadHtmlCacheBehavior [ RunTime:0.000000s ]
INFO: [ app_begin ] --END-- [ RunTime:0.000000s ]
SQL: SHOW COLUMNS FROM `pinyin` [ RunTime:0.0050s ]
SQL: SELECT * FROM `pinyin` WHERE ( ID=1 )  [ RunTime:0.0000s ]
INFO: [ app_end ] --START--
INFO: Run Behavior\ShowPageTraceBehavior [ RunTime:0.001000s ]
INFO: [ app_end ] --END-- [ RunTime:0.001000s ]

